[{"line":1,"elements":[{"start_timestamp":"2022-03-15T15:20:12.753Z","before":[{"result":{"duration":3932885700,"status":"passed"},"match":{"location":"steps.SetupTeardown.setup(io.cucumber.java.Scenario)"}}],"line":13,"name":"Click on sign up button 1","description":"","id":"test-login-functionality;click-on-sign-up-button-1","after":[{"result":{"duration":642943500,"status":"passed"},"match":{"location":"steps.SetupTeardown.teardown(io.cucumber.java.Scenario)"}}],"type":"scenario","keyword":"Scenario","steps":[{"result":{"duration":608915400,"status":"passed"},"line":14,"name":"I am on the homepage","match":{"location":"steps.TestFeature.iAmOnTheHomepage()"},"keyword":"Given "},{"result":{"duration":702035300,"status":"passed"},"line":15,"name":"I should be able to click the button","match":{"location":"steps.TestFeature.daw()"},"keyword":"Then "}],"tags":[{"name":"@test"}]},{"start_timestamp":"2022-03-15T15:20:18.734Z","before":[{"result":{"duration":1688567000,"status":"passed"},"match":{"location":"steps.SetupTeardown.setup(io.cucumber.java.Scenario)"}}],"line":18,"name":"Something","description":"","id":"test-login-functionality;something","after":[{"result":{"duration":692939100,"status":"passed"},"match":{"location":"steps.SetupTeardown.teardown(io.cucumber.java.Scenario)"}}],"type":"scenario","keyword":"Scenario","steps":[{"result":{"error_message":"org.openqa.selenium.TimeoutException: Expected condition failed: waiting for helpers.WaitAction$1@53bb71e5 (tried for 10 second(s) with 500 milliseconds interval)\r\n\tat org.openqa.selenium.support.ui.FluentWait.timeoutException(FluentWait.java:263)\r\n\tat org.openqa.selenium.support.ui.FluentWait.until(FluentWait.java:231)\r\n\tat helpers.WaitAction.WaitForVisibleElement(WaitAction.java:35)\r\n\tat abstraction.HomePage.isSomethingLoaded(HomePage.java:29)\r\n\tat steps.TestFeature.shouldnotwork(TestFeature.java:27)\r\n\tat âœ½.this should not work(file:///C:/Users/Arnout%20van%20Heereveld/Documents/testFramework/PolteqTestSeleniumJava/src/test/resources/Authorization.feature:19)\r\nCaused by: org.openqa.selenium.NoSuchElementException: no such element: Unable to locate element: {\"method\":\"css selector\",\"selector\":\"#ikbestaniet\"}\n  (Session info: chrome=99.0.4844.51)\nFor documentation on this error, please visit: https://selenium.dev/exceptions/#no_such_element\nBuild info: version: '4.1.2', revision: '9a5a329c5a'\nSystem info: host: 'PL-TQ-88', ip: '192.168.178.33', os.name: 'Windows 10', os.arch: 'amd64', os.version: '10.0', java.version: '11.0.9'\nDriver info: org.openqa.selenium.chrome.ChromeDriver\nCommand: [eaf8b163035dd0793fee147ff6d59cfa, findElement {using=id, value=ikbestaniet}]\nCapabilities {acceptInsecureCerts: false, browserName: chrome, browserVersion: 99.0.4844.51, chrome: {chromedriverVersion: 99.0.4844.51 (d537ec02474b5..., userDataDir: C:\\Users\\ARNOUT~1\\AppData\\L...}, goog:chromeOptions: {debuggerAddress: localhost:64726}, javascriptEnabled: true, networkConnectionEnabled: false, pageLoadStrategy: normal, platform: WINDOWS, platformName: WINDOWS, proxy: Proxy(), se:cdp: ws://localhost:64726/devtoo..., se:cdpVersion: 99.0.4844.51, setWindowRect: true, strictFileInteractability: false, timeouts: {implicit: 0, pageLoad: 300000, script: 30000}, unhandledPromptBehavior: dismiss and notify, webauthn:extension:credBlob: true, webauthn:extension:largeBlob: true, webauthn:virtualAuthenticators: true}\nSession ID: eaf8b163035dd0793fee147ff6d59cfa\r\n\tat java.base/jdk.internal.reflect.NativeConstructorAccessorImpl.newInstance0(Native Method)\r\n\tat java.base/jdk.internal.reflect.NativeConstructorAccessorImpl.newInstance(NativeConstructorAccessorImpl.java:62)\r\n\tat java.base/jdk.internal.reflect.DelegatingConstructorAccessorImpl.newInstance(DelegatingConstructorAccessorImpl.java:45)\r\n\tat java.base/java.lang.reflect.Constructor.newInstance(Constructor.java:490)\r\n\tat org.openqa.selenium.remote.codec.w3c.W3CHttpResponseCodec.createException(W3CHttpResponseCodec.java:200)\r\n\tat org.openqa.selenium.remote.codec.w3c.W3CHttpResponseCodec.decode(W3CHttpResponseCodec.java:133)\r\n\tat org.openqa.selenium.remote.codec.w3c.W3CHttpResponseCodec.decode(W3CHttpResponseCodec.java:53)\r\n\tat org.openqa.selenium.remote.HttpCommandExecutor.execute(HttpCommandExecutor.java:184)\r\n\tat org.openqa.selenium.remote.service.DriverCommandExecutor.invokeExecute(DriverCommandExecutor.java:167)\r\n\tat org.openqa.selenium.remote.service.DriverCommandExecutor.execute(DriverCommandExecutor.java:142)\r\n\tat org.openqa.selenium.remote.RemoteWebDriver.execute(RemoteWebDriver.java:558)\r\n\tat org.openqa.selenium.remote.ElementLocation$ElementFinder$2.findElement(ElementLocation.java:162)\r\n\tat org.openqa.selenium.remote.ElementLocation.findElement(ElementLocation.java:66)\r\n\tat org.openqa.selenium.remote.RemoteWebDriver.findElement(RemoteWebDriver.java:382)\r\n\tat org.openqa.selenium.remote.RemoteWebDriver.findElement(RemoteWebDriver.java:374)\r\n\tat helpers.WaitAction$1.apply(WaitAction.java:38)\r\n\tat helpers.WaitAction$1.apply(WaitAction.java:35)\r\n\tat org.openqa.selenium.support.ui.FluentWait.until(FluentWait.java:208)\r\n\tat helpers.WaitAction.WaitForVisibleElement(WaitAction.java:35)\r\n\tat abstraction.HomePage.isSomethingLoaded(HomePage.java:29)\r\n\tat steps.TestFeature.shouldnotwork(TestFeature.java:27)\r\n\tat java.base/jdk.internal.reflect.NativeMethodAccessorImpl.invoke0(Native Method)\r\n\tat java.base/jdk.internal.reflect.NativeMethodAccessorImpl.invoke(NativeMethodAccessorImpl.java:62)\r\n\tat java.base/jdk.internal.reflect.DelegatingMethodAccessorImpl.invoke(DelegatingMethodAccessorImpl.java:43)\r\n\tat java.base/java.lang.reflect.Method.invoke(Method.java:566)\r\n\tat io.cucumber.java.Invoker.doInvoke(Invoker.java:66)\r\n\tat io.cucumber.java.Invoker.invoke(Invoker.java:24)\r\n\tat io.cucumber.java.AbstractGlueDefinition.invokeMethod(AbstractGlueDefinition.java:47)\r\n\tat io.cucumber.java.JavaStepDefinition.execute(JavaStepDefinition.java:29)\r\n\tat io.cucumber.core.runner.CoreStepDefinition.execute(CoreStepDefinition.java:66)\r\n\tat io.cucumber.core.runner.PickleStepDefinitionMatch.runStep(PickleStepDefinitionMatch.java:63)\r\n\tat io.cucumber.core.runner.ExecutionMode$1.execute(ExecutionMode.java:10)\r\n\tat io.cucumber.core.runner.TestStep.executeStep(TestStep.java:86)\r\n\tat io.cucumber.core.runner.TestStep.run(TestStep.java:57)\r\n\tat io.cucumber.core.runner.PickleStepTestStep.run(PickleStepTestStep.java:51)\r\n\tat io.cucumber.core.runner.TestCase.run(TestCase.java:95)\r\n\tat io.cucumber.core.runner.Runner.runPickle(Runner.java:75)\r\n\tat io.cucumber.junit.PickleRunners$NoStepDescriptions.lambda$run$0(PickleRunners.java:151)\r\n\tat io.cucumber.core.runtime.CucumberExecutionContext.lambda$runTestCase$3(CucumberExecutionContext.java:151)\r\n\tat io.cucumber.core.runtime.RethrowingThrowableCollector.executeAndThrow(RethrowingThrowableCollector.java:23)\r\n\tat io.cucumber.core.runtime.CucumberExecutionContext.runTestCase(CucumberExecutionContext.java:151)\r\n\tat io.cucumber.junit.PickleRunners$NoStepDescriptions.run(PickleRunners.java:148)\r\n\tat io.cucumber.junit.FeatureRunner.runChild(FeatureRunner.java:144)\r\n\tat io.cucumber.junit.FeatureRunner.runChild(FeatureRunner.java:28)\r\n\tat org.junit.runners.ParentRunner$4.run(ParentRunner.java:331)\r\n\tat org.junit.runners.ParentRunner$1.schedule(ParentRunner.java:79)\r\n\tat org.junit.runners.ParentRunner.runChildren(ParentRunner.java:329)\r\n\tat org.junit.runners.ParentRunner.access$100(ParentRunner.java:66)\r\n\tat org.junit.runners.ParentRunner$2.evaluate(ParentRunner.java:293)\r\n\tat org.junit.runners.ParentRunner$3.evaluate(ParentRunner.java:306)\r\n\tat org.junit.runners.ParentRunner.run(ParentRunner.java:413)\r\n\tat io.cucumber.junit.FeatureRunner.run(FeatureRunner.java:137)\r\n\tat io.cucumber.junit.Cucumber.runChild(Cucumber.java:196)\r\n\tat io.cucumber.junit.Cucumber.runChild(Cucumber.java:89)\r\n\tat org.junit.runners.ParentRunner$4.run(ParentRunner.java:331)\r\n\tat org.junit.runners.ParentRunner$1.schedule(ParentRunner.java:79)\r\n\tat org.junit.runners.ParentRunner.runChildren(ParentRunner.java:329)\r\n\tat org.junit.runners.ParentRunner.access$100(ParentRunner.java:66)\r\n\tat org.junit.runners.ParentRunner$2.evaluate(ParentRunner.java:293)\r\n\tat io.cucumber.junit.Cucumber$RunBeforeAllHooks.evaluate(Cucumber.java:266)\r\n\tat io.cucumber.junit.Cucumber$RunAfterAllHooks.evaluate(Cucumber.java:281)\r\n\tat io.cucumber.junit.Cucumber$StartTestRun.evaluate(Cucumber.java:233)\r\n\tat io.cucumber.junit.Cucumber$FinishTestRun.evaluate(Cucumber.java:248)\r\n\tat org.junit.runners.ParentRunner$3.evaluate(ParentRunner.java:306)\r\n\tat org.junit.runners.ParentRunner.run(ParentRunner.java:413)\r\n\tat org.apache.maven.surefire.junit4.JUnit4Provider.execute(JUnit4Provider.java:365)\r\n\tat org.apache.maven.surefire.junit4.JUnit4Provider.executeWithRerun(JUnit4Provider.java:273)\r\n\tat org.apache.maven.surefire.junit4.JUnit4Provider.executeTestSet(JUnit4Provider.java:238)\r\n\tat org.apache.maven.surefire.junit4.JUnit4Provider.invoke(JUnit4Provider.java:159)\r\n\tat org.apache.maven.surefire.booter.ForkedBooter.invokeProviderInSameClassLoader(ForkedBooter.java:383)\r\n\tat org.apache.maven.surefire.booter.ForkedBooter.runSuitesInProcess(ForkedBooter.java:344)\r\n\tat org.apache.maven.surefire.booter.ForkedBooter.execute(ForkedBooter.java:125)\r\n\tat org.apache.maven.surefire.booter.ForkedBooter.main(ForkedBooter.java:417)\r\n","duration":10054330100,"status":"failed"},"line":19,"name":"this should not work","match":{"location":"steps.TestFeature.shouldnotwork()"},"keyword":"Given "}],"tags":[{"name":"@test"}]},{"start_timestamp":"2022-03-15T15:20:31.214Z","before":[{"result":{"duration":4553436800,"status":"passed"},"match":{"location":"steps.SetupTeardown.setup(io.cucumber.java.Scenario)"}}],"line":22,"name":"Click on sign up button 2","description":"","id":"test-login-functionality;click-on-sign-up-button-2","after":[{"result":{"duration":651188900,"status":"passed"},"match":{"location":"steps.SetupTeardown.teardown(io.cucumber.java.Scenario)"}}],"type":"scenario","keyword":"Scenario","steps":[{"result":{"duration":44522100,"status":"passed"},"line":23,"name":"I am on the homepage","match":{"location":"steps.TestFeature.iAmOnTheHomepage()"},"keyword":"Given "},{"result":{"duration":624048200,"status":"passed"},"line":24,"name":"I should be able to click the button","match":{"location":"steps.TestFeature.daw()"},"keyword":"Then "}],"tags":[{"name":"@test"}]}],"name":"Test Login functionality","description":"             Valid users should get access\n             Invalid users should not get access","id":"test-login-functionality","keyword":"Feature","uri":"file:src/test/resources/Authorization.feature","tags":[]},{"line":1,"elements":[{"start_timestamp":"2022-03-15T15:20:37.106Z","before":[{"result":{"duration":1711025800,"status":"passed"},"match":{"location":"steps.SetupTeardown.setup(io.cucumber.java.Scenario)"}}],"line":12,"name":"Click on sign up button 3","description":"","id":"test;click-on-sign-up-button-3","after":[{"result":{"duration":605303700,"status":"passed"},"match":{"location":"steps.SetupTeardown.teardown(io.cucumber.java.Scenario)"}}],"type":"scenario","keyword":"Scenario","steps":[{"result":{"duration":39599400,"status":"passed"},"line":13,"name":"I am on the homepage","match":{"location":"steps.TestFeature.iAmOnTheHomepage()"},"keyword":"Given "},{"result":{"duration":634494900,"status":"passed"},"line":14,"name":"I should be able to click the button","match":{"location":"steps.TestFeature.daw()"},"keyword":"Then "}],"tags":[{"name":"@test"}]}],"name":"test","description":"","id":"test","keyword":"Feature","uri":"file:src/test/resources/Test.feature","tags":[]}]